<?xml version="1.0" encoding="UTF-8"?>
<testsuite xmlns:xsi="http://www.w3.org/2001/XMLSchema-instance" xsi:noNamespaceSchemaLocation="https://maven.apache.org/surefire/maven-surefire-plugin/xsd/surefire-test-report.xsd" name="com.example.demo.requests.RestRequestsTest" time="3.784" tests="4" errors="0" skipped="0" failures="0">
  <properties>
[...]
</properties>
  <testcase name="requestYandexWeather" classname="com.example.demo.requests.RestRequestsTest" time="0.424"/>
  <testcase name="requestOpenWeatherMap" classname="com.example.demo.requests.RestRequestsTest" time="0.43"/>
  <testcase name="requestForFindCity" classname="com.example.demo.requests.RestRequestsTest" time="0.512"/>
  <testcase name="requestWeatherAPI" classname="com.example.demo.requests.RestRequestsTest" time="0.555"/>
</testsuite>